# JRE version: OpenJDK Runtime Environment (21.0.7) (build 21.0.7+-13880790-b1038.58)
# Java VM: OpenJDK 64-Bit Server VM (21.0.7+-13880790-b1038.58, mixed mode, tiered, compressed oops, compressed class ptrs, g1 gc, windows-amd64)
GC Precious Log:
 CardTable entry size: 512
 Card Set container configuration: InlinePtr #cards 5 size 8 Array Of Cards #cards 12 size 40 Howl #buckets 4 coarsen threshold 1843 Howl Bitmap #cards 512 size 80 coarsen threshold 460 Card regions per heap region 1 cards per card region 2048
 CPUs: 8 total, 8 available
 Memory: 7975M
 Large Page Support: Disabled
 NUMA Support: Disabled
 Compressed Oops: Enabled (32-bit)
 Heap Region Size: 1M
 Heap Min Capacity: 8M
 Heap Initial Capacity: 126M
 Heap Max Capacity: 1994M
 Pre-touch: Disabled
 Parallel Workers: 8
 Concurrent Workers: 2
 Concurrent Refinement Workers: 8
 Periodic GC: Disabled
Heap:
 garbage-first heap   total 342016K, used 279552K [0x0000000083600000, 0x0000000100000000)
  region size 1024K, 120 young (122880K), 18 survivors (18432K)
 Metaspace       used 99311K, committed 99776K, reserved 1179648K
  class space    used 10275K, committed 10496K, reserved 1048576K
GC Heap History (20 events):
Event: 4.808 GC heap before
{Heap before GC invocations=19 (full 0):
 garbage-first heap   total 174080K, used 127152K [0x0000000083600000, 0x0000000100000000)
  region size 1024K, 71 young (72704K), 3 survivors (3072K)
 Metaspace       used 63058K, committed 63360K, reserved 1114112K
  class space    used 7295K, committed 7424K, reserved 1048576K
}
Event: 4.823 GC heap after
{Heap after GC invocations=20 (full 0):
 garbage-first heap   total 174080K, used 70332K [0x0000000083600000, 0x0000000100000000)
  region size 1024K, 9 young (9216K), 9 survivors (9216K)
 Metaspace       used 63058K, committed 63360K, reserved 1114112K
  class space    used 7295K, committed 7424K, reserved 1048576K
}
Event: 5.393 GC heap before
{Heap before GC invocations=20 (full 0):
 garbage-first heap   total 174080K, used 129724K [0x0000000083600000, 0x0000000100000000)
  region size 1024K, 67 young (68608K), 9 survivors (9216K)
 Metaspace       used 64310K, committed 64640K, reserved 1114112K
  class space    used 7345K, committed 7488K, reserved 1048576K
}
Event: 5.408 GC heap after
{Heap after GC invocations=21 (full 0):
 garbage-first heap   total 174080K, used 82432K [0x0000000083600000, 0x0000000100000000)
  region size 1024K, 9 young (9216K), 9 survivors (9216K)
 Metaspace       used 64310K, committed 64640K, reserved 1114112K
  class space    used 7345K, committed 7488K, reserved 1048576K
}
Event: 5.727 GC heap before
{Heap before GC invocations=21 (full 0):
 garbage-first heap   total 174080K, used 137728K [0x0000000083600000, 0x0000000100000000)
  region size 1024K, 63 young (64512K), 9 survivors (9216K)
 Metaspace       used 64982K, committed 65344K, reserved 1114112K
  class space    used 7375K, committed 7552K, reserved 1048576K
}
Event: 5.737 GC heap after
{Heap after GC invocations=22 (full 0):
 garbage-first heap   total 174080K, used 93153K [0x0000000083600000, 0x0000000100000000)
  region size 1024K, 8 young (8192K), 8 survivors (8192K)
 Metaspace       used 64982K, committed 65344K, reserved 1114112K
  class space    used 7375K, committed 7552K, reserved 1048576K
}
Event: 5.786 GC heap before
{Heap before GC invocations=22 (full 0):
 garbage-first heap   total 174080K, used 144353K [0x0000000083600000, 0x0000000100000000)
  region size 1024K, 58 young (59392K), 8 survivors (8192K)
 Metaspace       used 64982K, committed 65344K, reserved 1114112K
  class space    used 7375K, committed 7552K, reserved 1048576K
}
Event: 5.795 GC heap after
{Heap after GC invocations=23 (full 0):
 garbage-first heap   total 208896K, used 105472K [0x0000000083600000, 0x0000000100000000)
  region size 1024K, 8 young (8192K), 8 survivors (8192K)
 Metaspace       used 64982K, committed 65344K, reserved 1114112K
  class space    used 7375K, committed 7552K, reserved 1048576K
}
Event: 6.168 GC heap before
{Heap before GC invocations=23 (full 0):
 garbage-first heap   total 208896K, used 173056K [0x0000000083600000, 0x0000000100000000)
  region size 1024K, 74 young (75776K), 8 survivors (8192K)
 Metaspace       used 65346K, committed 65664K, reserved 1114112K
  class space    used 7397K, committed 7552K, reserved 1048576K
}
Event: 6.180 GC heap after
{Heap after GC invocations=24 (full 0):
 garbage-first heap   total 208896K, used 120320K [0x0000000083600000, 0x0000000100000000)
  region size 1024K, 10 young (10240K), 10 survivors (10240K)
 Metaspace       used 65346K, committed 65664K, reserved 1114112K
  class space    used 7397K, committed 7552K, reserved 1048576K
}
Event: 7.046 GC heap before
{Heap before GC invocations=24 (full 0):
 garbage-first heap   total 208896K, used 177664K [0x0000000083600000, 0x0000000100000000)
  region size 1024K, 66 young (67584K), 10 survivors (10240K)
 Metaspace       used 67698K, committed 68032K, reserved 1114112K
  class space    used 7580K, committed 7744K, reserved 1048576K
}
Event: 7.061 GC heap after
{Heap after GC invocations=25 (full 0):
 garbage-first heap   total 208896K, used 132096K [0x0000000083600000, 0x0000000100000000)
  region size 1024K, 9 young (9216K), 9 survivors (9216K)
 Metaspace       used 67698K, committed 68032K, reserved 1114112K
  class space    used 7580K, committed 7744K, reserved 1048576K
}
Event: 7.772 GC heap before
{Heap before GC invocations=26 (full 0):
 garbage-first heap   total 219136K, used 181248K [0x0000000083600000, 0x0000000100000000)
  region size 1024K, 58 young (59392K), 9 survivors (9216K)
 Metaspace       used 71272K, committed 71616K, reserved 1114112K
  class space    used 7879K, committed 8000K, reserved 1048576K
}
Event: 7.783 GC heap after
{Heap after GC invocations=27 (full 0):
 garbage-first heap   total 219136K, used 138035K [0x0000000083600000, 0x0000000100000000)
  region size 1024K, 7 young (7168K), 7 survivors (7168K)
 Metaspace       used 71272K, committed 71616K, reserved 1114112K
  class space    used 7879K, committed 8000K, reserved 1048576K
}
Event: 8.195 GC heap before
{Heap before GC invocations=27 (full 0):
 garbage-first heap   total 219136K, used 192307K [0x0000000083600000, 0x0000000100000000)
  region size 1024K, 60 young (61440K), 7 survivors (7168K)
 Metaspace       used 72004K, committed 72320K, reserved 1114112K
  class space    used 7926K, committed 8064K, reserved 1048576K
}
Event: 8.207 GC heap after
{Heap after GC invocations=28 (full 0):
 garbage-first heap   total 219136K, used 145792K [0x0000000083600000, 0x0000000100000000)
  region size 1024K, 8 young (8192K), 8 survivors (8192K)
 Metaspace       used 72004K, committed 72320K, reserved 1114112K
  class space    used 7926K, committed 8064K, reserved 1048576K
}
Event: 8.886 GC heap before
{Heap before GC invocations=28 (full 0):
 garbage-first heap   total 219136K, used 192896K [0x0000000083600000, 0x0000000100000000)
  region size 1024K, 55 young (56320K), 8 survivors (8192K)
 Metaspace       used 79008K, committed 79360K, reserved 1179648K
  class space    used 8566K, committed 8704K, reserved 1048576K
}
Event: 8.897 GC heap after
{Heap after GC invocations=29 (full 0):
 garbage-first heap   total 342016K, used 153941K [0x0000000083600000, 0x0000000100000000)
  region size 1024K, 7 young (7168K), 7 survivors (7168K)
 Metaspace       used 79008K, committed 79360K, reserved 1179648K
  class space    used 8566K, committed 8704K, reserved 1048576K
}
Event: 10.325 GC heap before
{Heap before GC invocations=30 (full 0):
 garbage-first heap   total 342016K, used 290133K [0x0000000083600000, 0x0000000100000000)
  region size 1024K, 140 young (143360K), 7 survivors (7168K)
 Metaspace       used 85546K, committed 85952K, reserved 1179648K
  class space    used 9106K, committed 9280K, reserved 1048576K
}
Event: 10.345 GC heap after
{Heap after GC invocations=31 (full 0):
 garbage-first heap   total 342016K, used 176128K [0x0000000083600000, 0x0000000100000000)
  region size 1024K, 18 young (18432K), 18 survivors (18432K)
 Metaspace       used 85546K, committed 85952K, reserved 1179648K
  class space    used 9106K, committed 9280K, reserved 1048576K
}

